<?xml version="1.0" encoding="UTF-8"?><testsuite errors="0" failures="1" name="Testing different request on rest api application" skipped="0" tests="4" time="6.44" timestamp="2022-06-23T01:01:18.686+01:00[Europe/London]"><testcase name="User should able to fetch employee information"/><testcase name="User should able to fetch employee where id is 8"/><testcase name="User should able to add new data to server"/><testcase name="User should able to update data"><failure message="1 expectation failed.&#10;Expected status code &lt;200&gt; but was &lt;405&gt;.&#10;" type="java.lang.AssertionError">1 expectation failed.
Expected status code &lt;200&gt; but was &lt;405&gt;.
</failure><system-err>1 expectation failed.
Expected status code &lt;200&gt; but was &lt;405&gt;.
&#13;
io.restassured.internal.ResponseSpecificationImpl.validateResponseIfRequired(ResponseSpecificationImpl.groovy:636)&#13;
io.restassured.internal.ResponseSpecificationImpl.statusCode(ResponseSpecificationImpl.groovy:122)&#13;
io.restassured.internal.ResponseSpecificationImpl.statusCode(ResponseSpecificationImpl.groovy:130)&#13;
io.restassured.internal.ValidatableResponseOptionsImpl.statusCode(ValidatableResponseOptionsImpl.java:117)&#13;
com.restapiexample.dummy.steps.MyStepdefs.userShouldSeeStatusCode(MyStepdefs.java:25)&#13;
✽.Then User should see status code 200(employee.feature:22)&#13;
</system-err></testcase></testsuite>